SF:lib\src\features\authentication\screens\login_page.dart
DA:17,17
DA:19,2
DA:20,2
DA:26,2
DA:27,4
DA:37,0
DA:38,0
DA:40,0
DA:41,0
DA:42,0
DA:43,0
DA:45,0
DA:46,0
DA:47,0
DA:48,0
DA:49,0
DA:51,0
DA:52,0
DA:53,0
DA:55,0
DA:56,0
DA:57,0
DA:59,0
DA:60,0
DA:62,0
DA:67,0
DA:68,0
DA:69,0
DA:73,2
DA:74,2
DA:75,0
DA:80,2
DA:82,2
DA:83,2
DA:85,2
DA:88,2
DA:90,6
DA:91,2
DA:92,2
DA:93,2
DA:95,2
DA:96,2
DA:98,2
DA:100,2
DA:101,2
DA:103,8
DA:104,2
DA:105,4
DA:106,2
DA:109,4
DA:110,2
DA:113,6
DA:127,2
DA:128,10
DA:134,2
DA:136,2
DA:137,8
DA:138,2
DA:139,2
DA:140,2
DA:141,2
DA:142,2
DA:144,2
DA:151,0
DA:152,0
DA:154,2
DA:155,2
DA:156,2
DA:158,2
DA:165,0
DA:166,0
DA:171,2
DA:174,2
DA:176,2
DA:178,0
DA:179,0
DA:180,0
DA:181,0
DA:183,2
DA:185,2
DA:189,2
LF:81
LH:49
end_of_record
SF:lib\src\features\authentication\services\authentication_service.dart
DA:13,0
DA:14,0
DA:24,0
DA:25,0
DA:26,0
DA:27,0
DA:28,0
DA:30,0
DA:31,0
DA:32,0
DA:33,0
DA:35,0
DA:37,0
DA:38,0
DA:41,0
DA:43,0
DA:44,0
DA:45,0
DA:52,0
DA:53,0
DA:56,2
DA:58,4
DA:59,0
DA:63,0
DA:66,0
DA:67,0
DA:68,0
DA:69,0
DA:71,0
DA:72,0
DA:73,0
DA:74,0
DA:75,0
DA:76,0
DA:78,0
DA:80,0
DA:81,0
DA:84,0
DA:85,0
DA:86,0
DA:87,0
LF:41
LH:2
end_of_record
SF:lib\src\features\account\account_page.dart
DA:10,1
DA:12,0
DA:13,0
DA:21,0
DA:23,0
DA:25,0
DA:26,0
DA:28,0
DA:29,0
DA:30,0
DA:33,0
DA:35,0
DA:37,0
DA:38,0
DA:39,0
DA:41,0
LF:16
LH:1
end_of_record
SF:lib\src\features\auth_check.dart
DA:13,0
DA:14,0
DA:17,0
DA:19,0
DA:20,0
DA:22,0
DA:23,0
DA:24,0
DA:25,0
DA:26,0
DA:27,0
DA:31,0
DA:38,0
DA:39,0
DA:40,0
LF:15
LH:0
end_of_record
SF:lib\src\utilities\services\secure_storage_service.dart
DA:7,0
DA:8,0
DA:12,2
DA:24,2
DA:27,6
DA:32,0
DA:34,0
DA:39,0
DA:41,0
DA:45,0
DA:47,0
DA:51,0
DA:53,0
LF:13
LH:3
end_of_record
SF:lib\src\utilities\services\interfaces\Isecure_storage_service.dart
DA:2,0
DA:3,0
DA:7,0
DA:8,0
DA:12,0
DA:15,0
DA:18,0
LF:7
LH:0
end_of_record
SF:lib\src\utilities\widgets\instock_button.dart
DA:4,7
DA:25,7
DA:26,7
DA:30,7
DA:31,14
DA:32,7
DA:33,3
DA:34,9
DA:35,9
DA:37,6
DA:38,0
DA:39,0
DA:40,0
DA:42,6
DA:43,6
DA:44,18
DA:45,18
DA:48,0
DA:49,0
DA:50,0
DA:55,7
DA:56,21
DA:57,28
DA:58,5
DA:59,10
DA:60,20
DA:62,8
DA:63,3
DA:65,2
DA:67,2
DA:68,6
DA:69,2
DA:70,4
DA:71,8
DA:77,1
DA:78,1
DA:81,1
DA:82,1
DA:88,7
DA:90,7
DA:91,7
DA:92,28
DA:93,7
DA:94,14
DA:95,7
DA:96,7
DA:98,7
DA:100,7
DA:101,7
DA:106,21
LF:50
LH:44
end_of_record
SF:lib\src\features\authentication\screens\welcome_page.dart
DA:11,36
DA:13,2
DA:14,2
DA:18,1
DA:19,1
DA:20,1
DA:21,2
DA:25,1
DA:26,1
DA:27,1
DA:28,3
DA:32,2
DA:34,4
DA:35,2
DA:37,2
DA:40,2
DA:42,4
DA:43,2
DA:44,2
DA:46,2
DA:47,2
DA:49,2
DA:51,2
DA:52,2
DA:54,8
DA:55,2
DA:56,2
DA:57,2
DA:59,4
DA:60,2
DA:62,4
DA:65,2
DA:66,4
DA:72,2
DA:73,10
DA:79,2
DA:81,2
DA:82,2
DA:83,2
DA:87,1
DA:88,1
DA:91,2
DA:95,1
DA:96,1
LF:44
LH:44
end_of_record
SF:lib\src\features\authentication\services\interfaces\Iauthentication_service.dart
DA:5,0
DA:6,0
DA:9,0
DA:10,0
DA:13,0
DA:14,0
DA:17,0
DA:18,0
LF:8
LH:0
end_of_record
SF:lib\src\features\navigation\navigation_bar.dart
DA:12,49
DA:14,1
DA:15,1
DA:20,3
DA:21,1
DA:22,1
DA:23,1
DA:24,1
DA:25,1
DA:28,1
DA:29,2
DA:30,1
DA:34,1
DA:36,2
DA:37,1
DA:39,1
DA:40,1
DA:42,1
DA:43,1
DA:44,3
DA:47,1
DA:70,1
DA:71,1
DA:72,1
DA:73,1
DA:74,1
LF:26
LH:26
end_of_record
SF:lib\src\features\authentication\data\sign_up_dto.dart
DA:10,0
LF:1
LH:0
end_of_record
SF:lib\src\utilities\objects\response_object.dart
DA:6,0
DA:8,0
DA:10,0
LF:3
LH:0
end_of_record
SF:lib\src\utilities\validation\validators.dart
DA:6,1
DA:7,1
DA:9,1
DA:17,1
DA:20,1
DA:27,2
DA:34,2
DA:36,2
DA:37,3
DA:43,1
DA:47,1
DA:48,1
DA:53,1
DA:55,1
DA:56,1
DA:63,1
DA:66,1
DA:67,1
DA:72,1
DA:73,1
DA:74,1
DA:82,1
DA:83,1
DA:84,1
LF:24
LH:24
end_of_record
SF:lib\src\utilities\widgets\back_button.dart
DA:9,35
DA:12,1
DA:13,1
DA:15,3
DA:23,5
DA:24,5
DA:26,5
DA:27,5
DA:28,8
DA:29,1
DA:30,2
DA:32,0
DA:36,5
DA:38,5
DA:39,5
DA:40,1
DA:41,1
DA:43,5
LF:18
LH:17
end_of_record
SF:lib\src\utilities\widgets\instock_text_input.dart
DA:5,7
DA:35,7
DA:36,7
DA:40,0
DA:41,0
DA:42,0
DA:44,0
DA:47,1
DA:48,4
DA:49,3
DA:50,1
DA:54,1
DA:60,7
DA:62,7
DA:64,7
DA:65,21
DA:66,14
DA:67,4
DA:68,24
DA:69,7
DA:70,7
DA:72,7
DA:73,7
DA:74,28
DA:75,14
DA:76,14
DA:78,14
DA:81,14
DA:82,1
DA:83,1
DA:85,14
DA:86,21
DA:87,14
DA:88,7
DA:89,23
DA:91,14
DA:92,21
DA:93,28
DA:95,7
DA:97,28
DA:98,7
DA:100,28
DA:101,7
DA:103,28
DA:104,7
DA:106,28
DA:108,14
DA:111,14
DA:112,1
DA:113,1
DA:114,1
LF:51
LH:47
end_of_record
SF:lib\src\utilities\widgets\wave.dart
DA:5,98
DA:7,9
DA:10,9
LF:3
LH:3
end_of_record
SF:lib\src\features\authentication\screens\sign_up_page.dart
DA:18,2
DA:20,2
DA:21,4
DA:27,2
DA:28,4
DA:41,0
DA:42,0
DA:43,0
DA:44,0
DA:47,0
DA:48,0
DA:49,0
DA:55,0
DA:59,0
DA:60,0
DA:61,0
DA:62,0
DA:63,0
DA:65,0
DA:66,0
DA:67,0
DA:69,0
DA:70,0
DA:71,0
DA:73,0
DA:74,0
DA:75,0
DA:78,0
DA:79,0
DA:85,0
DA:86,0
DA:87,0
DA:91,2
DA:92,2
DA:93,0
DA:95,0
DA:98,2
DA:101,2
DA:103,2
DA:104,2
DA:107,2
DA:110,2
DA:112,6
DA:113,2
DA:114,2
DA:115,2
DA:116,2
DA:118,2
DA:119,2
DA:121,2
DA:123,2
DA:124,2
DA:126,8
DA:127,2
DA:128,4
DA:129,2
DA:132,4
DA:133,2
DA:136,6
DA:143,2
DA:146,2
DA:147,2
DA:150,2
DA:151,10
DA:152,2
DA:157,2
DA:159,2
DA:160,8
DA:161,2
DA:162,2
DA:163,2
DA:164,2
DA:165,2
DA:166,2
DA:167,2
DA:170,2
DA:179,0
DA:180,0
DA:182,0
DA:183,0
DA:187,2
DA:188,2
DA:189,2
DA:192,2
DA:201,0
DA:202,0
DA:205,2
DA:206,2
DA:207,2
DA:210,2
DA:217,0
DA:218,0
DA:221,2
DA:224,2
DA:227,2
DA:234,0
DA:235,0
DA:240,2
DA:243,2
DA:246,2
DA:253,0
DA:254,0
DA:259,2
DA:260,2
DA:261,2
DA:263,2
DA:266,0
DA:267,0
DA:268,0
DA:269,0
DA:271,2
DA:273,2
DA:277,4
LF:113
LH:68
end_of_record
SF:lib\src\features\business\screens\add_business_page.dart
DA:15,17
DA:17,1
DA:18,1
DA:28,0
DA:29,0
DA:30,0
DA:31,0
DA:33,0
DA:34,0
DA:35,0
DA:36,0
DA:37,0
DA:39,0
DA:40,0
DA:41,0
DA:43,0
DA:44,0
DA:45,0
DA:49,0
DA:50,0
DA:56,1
DA:57,1
DA:58,0
DA:63,1
DA:65,1
DA:66,1
DA:68,1
DA:70,1
DA:72,3
DA:73,1
DA:74,1
DA:75,1
DA:76,1
DA:77,1
DA:78,1
DA:80,1
DA:82,1
DA:83,1
DA:85,4
DA:86,1
DA:87,2
DA:88,1
DA:90,1
DA:92,3
DA:93,1
DA:99,1
DA:100,5
DA:107,1
DA:109,1
DA:111,1
DA:117,1
DA:118,1
DA:119,1
DA:121,1
DA:122,1
DA:124,1
DA:132,0
DA:133,0
DA:136,1
DA:137,1
DA:138,1
DA:140,1
DA:148,0
DA:149,0
DA:157,1
DA:159,1
DA:162,0
DA:163,0
DA:166,2
LF:69
LH:45
end_of_record
SF:lib\src\features\business\services\business_service.dart
DA:13,0
DA:14,0
DA:15,0
DA:17,0
DA:18,0
DA:19,0
DA:20,0
DA:22,0
DA:24,0
DA:25,0
DA:26,0
DA:32,0
LF:12
LH:0
end_of_record
SF:lib\src\utilities\widgets\photo_picker.dart
DA:11,33
DA:13,3
DA:14,3
DA:23,0
DA:25,0
DA:27,0
DA:28,0
DA:29,0
DA:30,0
DA:31,0
DA:35,0
DA:36,0
DA:37,0
DA:38,0
DA:41,0
DA:42,0
DA:43,0
DA:48,0
DA:51,3
DA:53,3
DA:55,3
DA:56,3
DA:57,3
DA:58,3
DA:59,3
DA:60,3
DA:61,3
DA:63,3
DA:64,12
DA:66,3
DA:67,3
DA:69,0
DA:70,0
DA:71,0
DA:76,3
DA:79,3
DA:80,1
DA:81,1
DA:88,1
DA:89,1
DA:91,1
DA:93,1
DA:96,1
DA:97,1
DA:99,1
DA:100,0
DA:101,0
DA:103,1
DA:106,3
DA:114,1
DA:115,0
DA:116,0
DA:117,0
DA:121,1
DA:122,3
DA:128,1
DA:129,0
DA:130,0
DA:131,0
DA:135,1
DA:136,3
DA:146,3
DA:149,9
DA:150,12
LF:64
LH:38
end_of_record
SF:lib\src\features\business\screens\business_page.dart
DA:4,1
DA:6,0
DA:7,0
DA:11,0
LF:4
LH:1
end_of_record
SF:lib\src\features\inventory\data\item.dart
DA:8,0
DA:16,0
DA:17,0
DA:18,0
DA:19,0
DA:20,0
DA:21,0
DA:22,0
DA:26,0
DA:27,0
DA:28,0
DA:29,0
DA:30,0
DA:33,0
DA:35,0
LF:15
LH:0
end_of_record
SF:lib\src\features\inventory\screens\add_item_page.dart
DA:21,2
DA:23,1
DA:24,1
DA:40,0
DA:41,0
DA:42,0
DA:43,0
DA:44,0
DA:46,0
DA:47,0
DA:48,0
DA:49,0
DA:50,0
DA:51,0
DA:52,0
DA:53,0
DA:54,0
DA:59,0
DA:60,0
DA:61,0
DA:63,0
DA:64,0
DA:65,0
DA:66,0
DA:68,0
DA:69,0
DA:70,0
DA:72,0
DA:73,0
DA:74,0
DA:76,0
DA:77,0
DA:78,0
DA:82,0
DA:83,0
DA:89,1
DA:90,1
DA:91,0
DA:96,0
DA:97,0
DA:98,0
DA:101,1
DA:103,1
DA:104,1
DA:106,1
DA:108,1
DA:110,3
DA:111,1
DA:112,1
DA:113,1
DA:114,1
DA:115,1
DA:116,1
DA:118,1
DA:120,1
DA:121,1
DA:123,4
DA:124,1
DA:125,2
DA:126,1
DA:128,1
DA:130,3
DA:131,1
DA:137,1
DA:138,5
DA:144,1
DA:146,1
DA:148,1
DA:154,1
DA:155,1
DA:156,1
DA:158,1
DA:159,1
DA:161,1
DA:168,0
DA:169,0
DA:172,1
DA:173,1
DA:174,1
DA:176,1
DA:182,0
DA:183,0
DA:187,1
DA:188,1
DA:189,1
DA:191,1
DA:197,0
DA:198,0
DA:202,1
DA:203,1
DA:204,1
DA:205,1
DA:206,1
DA:208,1
DA:210,1
DA:211,1
DA:216,0
DA:217,0
DA:222,1
DA:225,1
DA:226,0
DA:227,0
DA:229,1
DA:240,1
DA:241,1
DA:242,1
DA:245,1
DA:247,0
DA:248,0
DA:252,2
LF:110
LH:62
end_of_record
SF:lib\src\features\inventory\services\inventory_service.dart
DA:17,3
DA:19,2
DA:20,4
DA:21,0
DA:22,0
DA:24,0
DA:26,0
DA:28,0
DA:30,0
DA:31,0
DA:34,0
DA:35,0
DA:36,0
DA:38,0
DA:39,0
DA:40,0
DA:42,0
DA:45,0
DA:49,0
DA:50,0
DA:51,0
DA:52,0
DA:54,0
DA:56,0
DA:58,0
DA:60,0
DA:62,0
DA:63,0
DA:70,0
LF:29
LH:3
end_of_record
SF:lib\src\features\inventory\widgets\sku_text_input.dart
DA:7,1
DA:30,1
DA:31,1
DA:35,0
DA:36,0
DA:37,0
DA:39,0
DA:42,0
DA:43,0
DA:44,0
DA:45,0
DA:49,0
DA:55,1
DA:57,1
DA:59,1
DA:60,7
DA:61,1
DA:62,1
DA:63,1
DA:64,1
DA:65,2
DA:66,4
DA:67,2
DA:68,2
DA:70,2
DA:73,0
DA:74,0
DA:76,2
DA:77,3
DA:78,2
DA:79,1
DA:80,2
DA:82,2
DA:83,3
DA:84,4
DA:86,1
DA:88,4
DA:89,1
DA:91,4
DA:92,1
DA:94,4
DA:95,1
DA:97,4
DA:99,1
DA:100,1
DA:101,1
LF:46
LH:35
end_of_record
SF:lib\src\features\inventory\utils\generate_uuid.dart
DA:3,0
DA:4,0
DA:6,0
DA:7,0
DA:8,0
DA:10,0
DA:11,0
LF:7
LH:0
end_of_record
SF:lib\src\features\inventory\screens\item_details_page.dart
DA:12,1
DA:28,1
DA:29,1
DA:37,1
DA:39,1
DA:41,1
DA:43,1
DA:45,1
DA:47,3
DA:48,1
DA:49,1
DA:50,1
DA:51,1
DA:52,1
DA:53,1
DA:55,1
DA:57,1
DA:58,1
DA:60,4
DA:61,1
DA:62,2
DA:63,1
DA:65,1
DA:66,2
DA:68,3
DA:69,1
DA:82,1
DA:84,1
DA:86,1
DA:87,4
DA:88,4
DA:96,1
DA:97,5
DA:103,1
DA:105,1
DA:107,1
DA:109,1
DA:110,1
DA:114,1
DA:117,0
DA:118,0
DA:120,2
DA:123,1
DA:126,1
DA:130,0
DA:131,0
DA:133,2
DA:136,1
DA:139,1
DA:143,0
DA:144,0
DA:146,2
LF:52
LH:46
end_of_record
SF:lib\src\features\inventory\screens\inventory_page.dart
DA:11,18
DA:13,2
DA:14,2
DA:23,2
DA:25,2
DA:26,2
DA:28,2
DA:29,2
DA:31,6
DA:32,2
DA:33,2
DA:34,2
DA:35,2
DA:36,2
DA:37,2
DA:39,2
DA:41,2
DA:42,2
DA:44,8
DA:45,2
DA:46,4
DA:47,2
DA:49,2
DA:51,6
DA:52,2
DA:58,2
DA:60,2
DA:61,2
DA:64,2
DA:65,10
LF:30
LH:30
end_of_record
SF:lib\src\features\inventory\widgets\inventory_builder.dart
DA:10,2
DA:19,2
DA:21,2
DA:22,6
DA:23,2
DA:24,2
DA:25,2
DA:26,2
DA:28,6
DA:31,0
DA:32,0
DA:33,0
DA:35,0
DA:36,0
DA:38,0
DA:40,0
DA:41,0
DA:49,0
DA:50,0
DA:51,0
DA:53,0
DA:54,0
DA:55,0
DA:57,0
DA:58,0
DA:59,0
DA:60,0
DA:61,0
DA:62,0
DA:63,0
DA:64,0
DA:70,0
DA:71,0
DA:73,0
DA:74,0
DA:76,0
DA:77,0
DA:78,0
DA:79,0
DA:80,0
DA:83,0
DA:84,0
DA:86,0
DA:87,0
DA:88,0
DA:89,0
DA:90,0
DA:91,0
DA:92,0
DA:93,0
LF:50
LH:9
end_of_record
SF:lib\src\features\inventory\widgets\category_heading.dart
DA:6,1
DA:10,1
DA:11,1
DA:15,1
DA:17,1
DA:18,1
DA:19,1
DA:20,2
DA:21,5
DA:24,1
DA:25,1
DA:26,2
DA:29,2
LF:13
LH:13
end_of_record
SF:lib\src\features\inventory\widgets\inventory_item.dart
DA:6,1
DA:25,1
DA:26,1
DA:30,0
DA:31,0
DA:32,0
DA:33,0
DA:34,0
DA:35,0
DA:36,0
DA:37,0
DA:38,0
DA:44,1
DA:46,1
DA:47,1
DA:48,1
DA:49,2
DA:50,0
DA:51,0
DA:52,0
DA:58,0
DA:59,0
DA:61,0
DA:63,0
DA:64,0
DA:66,0
DA:73,1
DA:74,0
DA:75,0
DA:77,1
DA:78,1
DA:82,2
DA:83,2
DA:84,2
DA:86,1
DA:87,1
DA:88,1
DA:90,1
DA:91,1
DA:92,1
DA:93,1
DA:96,1
DA:97,1
DA:105,1
DA:106,1
DA:108,1
DA:109,1
DA:111,1
DA:112,2
DA:115,3
DA:118,1
DA:120,1
DA:121,2
DA:122,3
DA:123,1
DA:129,1
DA:130,1
DA:132,1
DA:134,1
DA:135,1
DA:137,1
DA:140,1
DA:141,2
DA:146,1
DA:147,1
DA:148,1
DA:152,1
DA:153,1
DA:155,2
DA:156,3
DA:158,1
DA:159,1
DA:161,2
DA:172,1
DA:174,1
DA:175,2
DA:180,1
DA:183,1
DA:184,1
DA:188,1
DA:189,1
DA:191,2
DA:192,3
DA:193,1
DA:194,1
DA:196,2
LF:86
LH:66
end_of_record
SF:lib\src\utilities\objects\uppercase_text_formatter.dart
DA:6,0
DA:8,0
DA:9,0
DA:10,0
LF:4
LH:0
end_of_record
SF:lib\src\features\stats\stats_page.dart
DA:4,1
DA:6,1
DA:7,1
DA:11,1
LF:4
LH:4
end_of_record
SF:lib\src\utilities\validation\validator_utilities.dart
DA:2,2
DA:3,4
DA:4,2
DA:9,1
DA:10,2
DA:11,1
LF:6
LH:6
end_of_record
